#第四行日志重叠了 其实不是日志重叠,是日志没有隔开。
2016/08/15 20:30:08.264679 queue_builder.go:72: Init DeviceQueue data from DeviceIDs parameter.
2016/08/15 20:30:08.264758 queue_builder.go:86: Queue data build finish, devices pending to send: 200
2016/08/15 20:30:08.384272 worker.go:163: pool_0_worker_12 sent #success#: 9163bceb272b61777940953d2bd3e3e6d81e094ba19864ee5cd4925f30ca2838 -> 58b68370-4446-4b27-bfe6-aadca7fa5cab
2016/08/15 20:30:08.384552 pool.go:185: pool_0Receive new push task: {"title":"海蜜全球购","body":"感觉LV包太贵，不如来这看看！10元能中一个LV！真有这么神奇？！邀请好友一起参与，还能获得免费夺“包”机会！快戳~","custom":{"payload":"haimi-1236"},"sound":"bingbong.aiff","uuid":"b4c0cb25-8f7f-478e-856d-492d10214e9a"}
2016/08/15 20:30:08.384607 worker.go:101: pool_0_worker_19 started to Subscribe...
2016/08/15 20:30:08.384632 queue.go:74: DeviceQueue status is pending, publish now...
2016/08/15 20:30:08.384693 worker.go:68: pool_0_worker_1 started, wait for push task...

2016/08/15 20:30:48.680383 pool.go:134: PoolSelected pool_0 with workers size:20 config: 20
2016/08/15 20:30:48.679954 worker.go:101: pool_3_worker_5 started to Subscribe...
2016/08/15 20:30:48.680468 pool.go:185: pool_4Receive new push task: {"title":"海蜜全球购","body":"感觉LV包太贵，不如来这看看！10元能中一个LV！真有这么神
奇？！邀请好友一起参与，还能获得免费夺“包”机会！快戳~","custom":{"payload":"haimi-1257"},"sound":"bingbong.aiff","uuid":"076b93cc-56d4-4401-8a25-7675b48f
7a7d"}
2016/08/15 20:30:48.680191 worker.go:101: pool_2_worker_8 started to Subscribe...
2016/08/15 20:30:48.680177 worker.go:148: pool_3_worker_4 #start# to push for DeviceToken: 7d56b442c2eed8b652351259d457aea23a9de849c9708ffae34310ac02086b
af
2016/08/15 20:30:48.680531 worker.go:101: pool_4_worker_7 started to Subscribe...
2016/08/15 20:30:48.680543 worker.go:101: pool_4_worker_19 started to Subscribe...
2016/08/15 20:30:48.680563 worker.go:101: pool_4_worker_3 started to Subscribe...
2016/08/15 20:30:48.680210 worker.go:148: pool_3_worker_0 #start# to push for DeviceToken: 79f8bb23ba9